<?xml version="1.0" encoding="UTF-8"?>
<!-- Generated by org.testng.reporters.JUnitXMLReporter -->
<testsuite ignored="0" hostname="Win10Pro" failures="1" tests="2" name="Run on CHROME" time="20.257" errors="0" timestamp="28 Nov 2021 15:45:56 GMT">
  <testcase classname="com.nopcommerce.user.Level_13_Register_Login_Log_Report" name="TC_01_Register" time="8.942">
    <failure type="java.lang.AssertionError" message="expected [false] but found [true]">
      <![CDATA[java.lang.AssertionError: expected [false] but found [true]
at commons.BaseTest.checkTrue(BaseTest.java:85)
at commons.BaseTest.verifyTrue(BaseTest.java:95)
at com.nopcommerce.user.Level_13_Register_Login_Log_Report.TC_01_Register(Level_13_Register_Login_Log_Report.java:83)
at java.base/java.util.concurrent.FutureTask.run(FutureTask.java:264)
at java.base/java.util.concurrent.ThreadPoolExecutor.runWorker(ThreadPoolExecutor.java:1130)
at java.base/java.util.concurrent.ThreadPoolExecutor$Worker.run(ThreadPoolExecutor.java:630)
at java.base/java.lang.Thread.run(Thread.java:832)
... Removed 20 stack frames]]>
    </failure>
  </testcase> <!-- TC_01_Register -->
  <testcase classname="com.nopcommerce.user.Level_13_Register_Login_Log_Report" name="TC_02_Login" time="3.144"/>
</testsuite> <!-- Run on CHROME -->
